/workspace/modeling-lab/ml/deep-learning/algorithmic-grokking/lab1/train.py:44: UserWarning: enable_nested_tensor is True, but self.use_nested_tensor is False because encoder_layer.norm_first was True
  self.blocks = nn.TransformerEncoder(encoder_layer, num_layers=layers)
device=cuda p=31 train=288 test=673
step,loss,train_acc,test_acc,top_embedding_frequencies
1,3.486805,0.0486,0.0267,k=1: 0.080, k=11: 0.078, k=2: 0.076, k=15: 0.073, k=12: 0.070
5000,0.006335,1.0000,0.2897,k=11: 0.083, k=1: 0.080, k=2: 0.076, k=12: 0.071, k=15: 0.071
10000,0.005481,1.0000,0.2897,k=11: 0.093, k=1: 0.082, k=12: 0.075, k=2: 0.073, k=6: 0.071
15000,0.001551,1.0000,0.2897,k=11: 0.103, k=1: 0.080, k=12: 0.077, k=8: 0.076, k=6: 0.072
20000,0.000138,1.0000,0.2912,k=11: 0.123, k=8: 0.089, k=1: 0.081, k=6: 0.079, k=12: 0.075
25000,0.000015,1.0000,0.2972,k=11: 0.123, k=8: 0.092, k=1: 0.083, k=6: 0.083, k=12: 0.070
30000,0.003775,1.0000,0.3046,k=11: 0.145, k=8: 0.119, k=6: 0.094, k=1: 0.081, k=2: 0.071
35000,0.000242,1.0000,0.3016,k=11: 0.131, k=8: 0.116, k=6: 0.100, k=1: 0.081, k=12: 0.070
40000,0.007399,1.0000,0.3046,k=11: 0.138, k=8: 0.124, k=6: 0.107, k=1: 0.100, k=2: 0.072
45000,0.007105,1.0000,0.3195,k=8: 0.153, k=11: 0.148, k=6: 0.109, k=1: 0.109, k=15: 0.063
50000,0.000634,1.0000,0.3432,k=8: 0.163, k=11: 0.138, k=6: 0.120, k=1: 0.102, k=2: 0.058
55000,0.002729,1.0000,0.4874,k=8: 0.180, k=11: 0.132, k=6: 0.126, k=1: 0.121, k=2: 0.063
60000,0.004832,1.0000,0.6330,k=8: 0.206, k=11: 0.156, k=6: 0.149, k=1: 0.137, k=15: 0.048
65000,0.000852,1.0000,0.6226,k=8: 0.201, k=6: 0.152, k=1: 0.139, k=11: 0.132, k=15: 0.047
70000,0.004153,1.0000,0.8648,k=8: 0.243, k=6: 0.175, k=11: 0.157, k=1: 0.149, k=15: 0.041
75000,0.008230,1.0000,0.7073,k=8: 0.248, k=6: 0.197, k=1: 0.152, k=11: 0.134, k=2: 0.039
80000,0.001737,1.0000,0.9941,k=8: 0.267, k=6: 0.207, k=1: 0.177, k=11: 0.161, k=9: 0.035
85000,0.005454,1.0000,0.8484,k=8: 0.232, k=6: 0.193, k=1: 0.179, k=11: 0.156, k=15: 0.043
90000,0.001684,1.0000,1.0000,k=8: 0.256, k=1: 0.241, k=6: 0.202, k=11: 0.132, k=9: 0.031
95000,0.002764,1.0000,1.0000,k=8: 0.284, k=1: 0.233, k=6: 0.194, k=11: 0.152, k=15: 0.026
100000,3.075910,0.1840,0.0386,k=1: 0.326, k=8: 0.187, k=6: 0.124, k=11: 0.074, k=2: 0.036
